2025-05-14 11:45:01,827 - pyswarms.backend.generators - ERROR - Bounds and/or init_pos should be of size (6,)
Traceback (most recent call last):
  File "C:\Marta\Studia\semestr_4\inteligencja_obliczeniowa\.venv\Lib\site-packages\pyswarms\backend\generators.py", line 81, in generate_swarm
    pos = center * np.random.uniform(
                   ~~~~~~~~~~~~~~~~~^
        low=min_bounds, high=max_bounds, size=(n_particles, dimensions)
        ^^^^^^^^^^^^^^^^^^^^^^^^^^^^^^^^^^^^^^^^^^^^^^^^^^^^^^^^^^^^^^^
    )
    ^
  File "numpy\\random\\mtrand.pyx", line 1190, in numpy.random.mtrand.RandomState.uniform
  File "_common.pyx", line 621, in numpy.random._common.cont
  File "_common.pyx", line 538, in numpy.random._common.cont_broadcast_2
  File "__init__.cython-30.pxd", line 831, in numpy.PyArray_MultiIterNew3
ValueError: shape mismatch: objects cannot be broadcast to a single shape.  Mismatch is between arg 0 with shape (10, 6) and arg 1 with shape (10, 2).
2025-05-14 11:45:19,759 - pyswarms.single.global_best - INFO - Optimize for 1000 iters with {'c1': 0.5, 'c2': 0.3, 'w': 0.9}
2025-05-14 11:45:19,953 - pyswarms.single.global_best - INFO - Optimization finished | best cost: 2.037675751546227, best pos: [1.01819684 1.00047536]
2025-05-14 11:52:51,663 - pyswarms.single.global_best - INFO - Optimize for 1000 iters with {'c1': 0.5, 'c2': 0.3, 'w': 0.9}
2025-05-14 11:52:51,920 - pyswarms.single.global_best - INFO - Optimization finished | best cost: -2.8139643669783294, best pos: [0.52678886 0.41002918 0.98637333 0.9952433  0.55117943 0.05242247]
2025-05-14 11:53:02,527 - pyswarms.single.global_best - INFO - Optimize for 1000 iters with {'c1': 0.5, 'c2': 0.3, 'w': 0.9}
2025-05-14 11:53:02,822 - pyswarms.single.global_best - INFO - Optimization finished | best cost: -2.8304765457924956, best pos: [0.44342293 0.42287868 0.98132167 0.99908958 0.04266581 0.44904816]
2025-05-14 13:35:54,714 - pyswarms.single.global_best - INFO - Optimize for 1000 iters with {'c1': 0.5, 'c2': 0.3, 'w': 0.9}
2025-05-14 13:35:54,989 - pyswarms.single.global_best - INFO - Optimization finished | best cost: -2.8177729216030656, best pos: [0.49198365 0.50965552 0.9919209  0.99239882 0.3798771  0.41466765]
2025-06-04 12:29:27,592 - pyswarms.single.global_best - INFO - Optimize for 1000 iters with {'c1': 0.5, 'c2': 0.3, 'w': 0.9}
2025-06-04 12:29:27,892 - pyswarms.single.global_best - INFO - Optimization finished | best cost: -2.779183335554024, best pos: [0.8617553  0.72742962 0.92923004 0.99669173 0.55761581 0.34213024]
2025-06-04 13:10:50,290 - pyswarms.single.global_best - INFO - Optimize for 1000 iters with {'c1': 0.5, 'c2': 0.3, 'w': 0.9}
2025-06-04 13:10:50,574 - pyswarms.single.global_best - INFO - Optimization finished | best cost: -2.8106876921328174, best pos: [0.43023708 0.51546932 0.98965431 0.99269969 0.16878038 0.37368123]
2025-06-04 13:17:48,158 - pyswarms.single.global_best - INFO - Optimize for 1000 iters with {'c1': 0.5, 'c2': 0.3, 'w': 0.9}
2025-06-04 13:17:48,287 - pyswarms.single.global_best - INFO - Optimization finished | best cost: -2.8167094603471536, best pos: [0.57441045 0.57866578 0.99079367 0.97290946 0.38105964 0.17606761]
